2016-08-11 20:15:19 INFO  XmlBeanDefinitionReader:315 - Loading XML bean definitions from URL [file:src/main/webapp/WEB-INF/applicationContext.xml]
2016-08-11 20:15:20 INFO  ClassPathBeanDefinitionScanner:231 - JSR-250 'javax.annotation.ManagedBean' found and supported for component scanning
2016-08-11 20:15:20 INFO  ClassPathBeanDefinitionScanner:239 - JSR-330 'javax.inject.Named' annotation found and supported for component scanning
2016-08-11 20:15:20 INFO  GenericApplicationContext:510 - Refreshing org.springframework.context.support.GenericApplicationContext@17e1986: startup date [Thu Aug 11 20:15:20 BRT 2016]; root of context hierarchy
2016-08-11 20:15:20 INFO  AutowiredAnnotationBeanPostProcessor:140 - JSR-330 'javax.inject.Inject' annotation found and supported for autowiring
2016-08-11 20:15:21 INFO  LocalContainerEntityManagerFactoryBean:283 - Building JPA container EntityManagerFactory for persistence unit 'Cjweb3PU'
2016-08-11 20:15:21 INFO  Version:37 - HCANN000001: Hibernate Commons Annotations {4.0.2.Final}
2016-08-11 20:15:21 INFO  Version:41 - HHH000412: Hibernate Core {4.2.3.Final}
2016-08-11 20:15:21 INFO  Environment:239 - HHH000206: hibernate.properties not found
2016-08-11 20:15:21 INFO  Environment:342 - HHH000021: Bytecode provider name : javassist
2016-08-11 20:15:21 INFO  Ejb3Configuration:529 - HHH000204: Processing PersistenceUnitInfo [
	name: Cjweb3PU
	...]
2016-08-11 20:15:22 INFO  ConnectionProviderInitiator:188 - HHH000130: Instantiating explicit connection provider: org.hibernate.ejb.connection.InjectedDataSourceConnectionProvider
2016-08-11 20:15:22 WARN  JdbcServicesImpl:169 - HHH000342: Could not obtain connection to query metadata : Cannot create PoolableConnectionFactory (Unknown database 'cjweb3db')
2016-08-11 20:15:22 INFO  Dialect:130 - HHH000400: Using dialect: org.hibernate.dialect.MySQL5Dialect
2016-08-11 20:15:22 INFO  LobCreatorBuilder:85 - HHH000422: Disabling contextual LOB creation as connection was null
2016-08-11 20:15:23 INFO  TransactionFactoryInitiator:73 - HHH000268: Transaction strategy: org.hibernate.engine.transaction.internal.jdbc.JdbcTransactionFactory
2016-08-11 20:15:23 INFO  ASTQueryTranslatorFactory:48 - HHH000397: Using ASTQueryTranslatorFactory
2016-08-11 20:15:23 INFO  SchemaUpdate:182 - HHH000228: Running hbm2ddl schema update
2016-08-11 20:15:23 INFO  SchemaUpdate:193 - HHH000102: Fetching database metadata
2016-08-11 20:15:23 ERROR SchemaUpdate:201 - HHH000319: Could not get database metadata
org.apache.commons.dbcp.SQLNestedException: Cannot create PoolableConnectionFactory (Unknown database 'cjweb3db')
	at org.apache.commons.dbcp.BasicDataSource.createPoolableConnectionFactory(BasicDataSource.java:1549)
	at org.apache.commons.dbcp.BasicDataSource.createDataSource(BasicDataSource.java:1388)
	at org.apache.commons.dbcp.BasicDataSource.getConnection(BasicDataSource.java:1044)
	at org.hibernate.ejb.connection.InjectedDataSourceConnectionProvider.getConnection(InjectedDataSourceConnectionProvider.java:70)
	at org.hibernate.tool.hbm2ddl.SuppliedConnectionProviderConnectionHelper.prepare(SuppliedConnectionProviderConnectionHelper.java:51)
	at org.hibernate.tool.hbm2ddl.SchemaUpdate.execute(SchemaUpdate.java:194)
	at org.hibernate.tool.hbm2ddl.SchemaUpdate.execute(SchemaUpdate.java:178)
	at org.hibernate.internal.SessionFactoryImpl.<init>(SessionFactoryImpl.java:505)
	at org.hibernate.cfg.Configuration.buildSessionFactory(Configuration.java:1769)
	at org.hibernate.ejb.EntityManagerFactoryImpl.<init>(EntityManagerFactoryImpl.java:96)
	at org.hibernate.ejb.Ejb3Configuration.buildEntityManagerFactory(Ejb3Configuration.java:914)
	at org.hibernate.ejb.Ejb3Configuration.buildEntityManagerFactory(Ejb3Configuration.java:899)
	at org.hibernate.ejb.HibernatePersistence.createContainerEntityManagerFactory(HibernatePersistence.java:76)
	at org.springframework.orm.jpa.LocalContainerEntityManagerFactoryBean.createNativeEntityManagerFactory(LocalContainerEntityManagerFactoryBean.java:287)
	at org.springframework.orm.jpa.AbstractEntityManagerFactoryBean.afterPropertiesSet(AbstractEntityManagerFactoryBean.java:310)
	at org.springframework.beans.factory.support.AbstractAutowireCapableBeanFactory.invokeInitMethods(AbstractAutowireCapableBeanFactory.java:1541)
	at org.springframework.beans.factory.support.AbstractAutowireCapableBeanFactory.initializeBean(AbstractAutowireCapableBeanFactory.java:1479)
	at org.springframework.beans.factory.support.AbstractAutowireCapableBeanFactory.doCreateBean(AbstractAutowireCapableBeanFactory.java:521)
	at org.springframework.beans.factory.support.AbstractAutowireCapableBeanFactory.createBean(AbstractAutowireCapableBeanFactory.java:458)
	at org.springframework.beans.factory.support.AbstractBeanFactory$1.getObject(AbstractBeanFactory.java:295)
	at org.springframework.beans.factory.support.DefaultSingletonBeanRegistry.getSingleton(DefaultSingletonBeanRegistry.java:223)
	at org.springframework.beans.factory.support.AbstractBeanFactory.doGetBean(AbstractBeanFactory.java:292)
	at org.springframework.beans.factory.support.AbstractBeanFactory.getBean(AbstractBeanFactory.java:194)
	at org.springframework.context.support.AbstractApplicationContext.getBean(AbstractApplicationContext.java:1117)
	at org.springframework.context.support.AbstractApplicationContext.finishBeanFactoryInitialization(AbstractApplicationContext.java:922)
	at org.springframework.context.support.AbstractApplicationContext.refresh(AbstractApplicationContext.java:479)
	at org.springframework.test.context.support.AbstractGenericContextLoader.loadContext(AbstractGenericContextLoader.java:120)
	at org.springframework.test.context.support.AbstractGenericContextLoader.loadContext(AbstractGenericContextLoader.java:60)
	at org.springframework.test.context.support.AbstractDelegatingSmartContextLoader.delegateLoading(AbstractDelegatingSmartContextLoader.java:100)
	at org.springframework.test.context.support.AbstractDelegatingSmartContextLoader.loadContext(AbstractDelegatingSmartContextLoader.java:248)
	at org.springframework.test.context.CacheAwareContextLoaderDelegate.loadContextInternal(CacheAwareContextLoaderDelegate.java:64)
	at org.springframework.test.context.CacheAwareContextLoaderDelegate.loadContext(CacheAwareContextLoaderDelegate.java:91)
	at org.springframework.test.context.TestContext.getApplicationContext(TestContext.java:122)
	at org.springframework.test.context.web.ServletTestExecutionListener.setUpRequestContextIfNecessary(ServletTestExecutionListener.java:105)
	at org.springframework.test.context.web.ServletTestExecutionListener.prepareTestInstance(ServletTestExecutionListener.java:74)
	at org.springframework.test.context.TestContextManager.prepareTestInstance(TestContextManager.java:312)
	at org.springframework.test.context.junit4.SpringJUnit4ClassRunner.createTest(SpringJUnit4ClassRunner.java:211)
	at org.springframework.test.context.junit4.SpringJUnit4ClassRunner$1.runReflectiveCall(SpringJUnit4ClassRunner.java:288)
	at org.junit.internal.runners.model.ReflectiveCallable.run(ReflectiveCallable.java:12)
	at org.springframework.test.context.junit4.SpringJUnit4ClassRunner.methodBlock(SpringJUnit4ClassRunner.java:284)
	at org.springframework.test.context.junit4.SpringJUnit4ClassRunner.runChild(SpringJUnit4ClassRunner.java:231)
	at org.springframework.test.context.junit4.SpringJUnit4ClassRunner.runChild(SpringJUnit4ClassRunner.java:88)
	at org.junit.runners.ParentRunner$3.run(ParentRunner.java:290)
	at org.junit.runners.ParentRunner$1.schedule(ParentRunner.java:71)
	at org.junit.runners.ParentRunner.runChildren(ParentRunner.java:288)
	at org.junit.runners.ParentRunner.access$000(ParentRunner.java:58)
	at org.junit.runners.ParentRunner$2.evaluate(ParentRunner.java:268)
	at org.springframework.test.context.junit4.statements.RunBeforeTestClassCallbacks.evaluate(RunBeforeTestClassCallbacks.java:61)
	at org.springframework.test.context.junit4.statements.RunAfterTestClassCallbacks.evaluate(RunAfterTestClassCallbacks.java:71)
	at org.junit.runners.ParentRunner.run(ParentRunner.java:363)
	at org.springframework.test.context.junit4.SpringJUnit4ClassRunner.run(SpringJUnit4ClassRunner.java:174)
	at org.eclipse.jdt.internal.junit4.runner.JUnit4TestReference.run(JUnit4TestReference.java:50)
	at org.eclipse.jdt.internal.junit.runner.TestExecution.run(TestExecution.java:38)
	at org.eclipse.jdt.internal.junit.runner.RemoteTestRunner.runTests(RemoteTestRunner.java:459)
	at org.eclipse.jdt.internal.junit.runner.RemoteTestRunner.runTests(RemoteTestRunner.java:675)
	at org.eclipse.jdt.internal.junit.runner.RemoteTestRunner.run(RemoteTestRunner.java:382)
	at org.eclipse.jdt.internal.junit.runner.RemoteTestRunner.main(RemoteTestRunner.java:192)
Caused by: com.mysql.jdbc.exceptions.jdbc4.MySQLSyntaxErrorException: Unknown database 'cjweb3db'
	at sun.reflect.NativeConstructorAccessorImpl.newInstance0(Native Method)
	at sun.reflect.NativeConstructorAccessorImpl.newInstance(NativeConstructorAccessorImpl.java:62)
	at sun.reflect.DelegatingConstructorAccessorImpl.newInstance(DelegatingConstructorAccessorImpl.java:45)
	at java.lang.reflect.Constructor.newInstance(Constructor.java:423)
	at com.mysql.jdbc.Util.handleNewInstance(Util.java:406)
	at com.mysql.jdbc.Util.getInstance(Util.java:381)
	at com.mysql.jdbc.SQLError.createSQLException(SQLError.java:1030)
	at com.mysql.jdbc.SQLError.createSQLException(SQLError.java:956)
	at com.mysql.jdbc.MysqlIO.checkErrorPacket(MysqlIO.java:3558)
	at com.mysql.jdbc.MysqlIO.checkErrorPacket(MysqlIO.java:3490)
	at com.mysql.jdbc.MysqlIO.checkErrorPacket(MysqlIO.java:919)
	at com.mysql.jdbc.MysqlIO.secureAuth411(MysqlIO.java:3996)
	at com.mysql.jdbc.MysqlIO.doHandshake(MysqlIO.java:1284)
	at com.mysql.jdbc.ConnectionImpl.createNewIO(ConnectionImpl.java:2137)
	at com.mysql.jdbc.ConnectionImpl.<init>(ConnectionImpl.java:776)
	at com.mysql.jdbc.JDBC4Connection.<init>(JDBC4Connection.java:46)
	at sun.reflect.NativeConstructorAccessorImpl.newInstance0(Native Method)
	at sun.reflect.NativeConstructorAccessorImpl.newInstance(NativeConstructorAccessorImpl.java:62)
	at sun.reflect.DelegatingConstructorAccessorImpl.newInstance(DelegatingConstructorAccessorImpl.java:45)
	at java.lang.reflect.Constructor.newInstance(Constructor.java:423)
	at com.mysql.jdbc.Util.handleNewInstance(Util.java:406)
	at com.mysql.jdbc.ConnectionImpl.getInstance(ConnectionImpl.java:352)
	at com.mysql.jdbc.NonRegisteringDriver.connect(NonRegisteringDriver.java:284)
	at org.apache.commons.dbcp.DriverConnectionFactory.createConnection(DriverConnectionFactory.java:38)
	at org.apache.commons.dbcp.PoolableConnectionFactory.makeObject(PoolableConnectionFactory.java:582)
	at org.apache.commons.dbcp.BasicDataSource.validateConnectionFactory(BasicDataSource.java:1556)
	at org.apache.commons.dbcp.BasicDataSource.createPoolableConnectionFactory(BasicDataSource.java:1545)
	... 56 more
2016-08-11 20:15:23 ERROR SchemaUpdate:247 - HHH000299: Could not complete schema update
org.apache.commons.dbcp.SQLNestedException: Cannot create PoolableConnectionFactory (Unknown database 'cjweb3db')
	at org.apache.commons.dbcp.BasicDataSource.createPoolableConnectionFactory(BasicDataSource.java:1549)
	at org.apache.commons.dbcp.BasicDataSource.createDataSource(BasicDataSource.java:1388)
	at org.apache.commons.dbcp.BasicDataSource.getConnection(BasicDataSource.java:1044)
	at org.hibernate.ejb.connection.InjectedDataSourceConnectionProvider.getConnection(InjectedDataSourceConnectionProvider.java:70)
	at org.hibernate.tool.hbm2ddl.SuppliedConnectionProviderConnectionHelper.prepare(SuppliedConnectionProviderConnectionHelper.java:51)
	at org.hibernate.tool.hbm2ddl.SchemaUpdate.execute(SchemaUpdate.java:194)
	at org.hibernate.tool.hbm2ddl.SchemaUpdate.execute(SchemaUpdate.java:178)
	at org.hibernate.internal.SessionFactoryImpl.<init>(SessionFactoryImpl.java:505)
	at org.hibernate.cfg.Configuration.buildSessionFactory(Configuration.java:1769)
	at org.hibernate.ejb.EntityManagerFactoryImpl.<init>(EntityManagerFactoryImpl.java:96)
	at org.hibernate.ejb.Ejb3Configuration.buildEntityManagerFactory(Ejb3Configuration.java:914)
	at org.hibernate.ejb.Ejb3Configuration.buildEntityManagerFactory(Ejb3Configuration.java:899)
	at org.hibernate.ejb.HibernatePersistence.createContainerEntityManagerFactory(HibernatePersistence.java:76)
	at org.springframework.orm.jpa.LocalContainerEntityManagerFactoryBean.createNativeEntityManagerFactory(LocalContainerEntityManagerFactoryBean.java:287)
	at org.springframework.orm.jpa.AbstractEntityManagerFactoryBean.afterPropertiesSet(AbstractEntityManagerFactoryBean.java:310)
	at org.springframework.beans.factory.support.AbstractAutowireCapableBeanFactory.invokeInitMethods(AbstractAutowireCapableBeanFactory.java:1541)
	at org.springframework.beans.factory.support.AbstractAutowireCapableBeanFactory.initializeBean(AbstractAutowireCapableBeanFactory.java:1479)
	at org.springframework.beans.factory.support.AbstractAutowireCapableBeanFactory.doCreateBean(AbstractAutowireCapableBeanFactory.java:521)
	at org.springframework.beans.factory.support.AbstractAutowireCapableBeanFactory.createBean(AbstractAutowireCapableBeanFactory.java:458)
	at org.springframework.beans.factory.support.AbstractBeanFactory$1.getObject(AbstractBeanFactory.java:295)
	at org.springframework.beans.factory.support.DefaultSingletonBeanRegistry.getSingleton(DefaultSingletonBeanRegistry.java:223)
	at org.springframework.beans.factory.support.AbstractBeanFactory.doGetBean(AbstractBeanFactory.java:292)
	at org.springframework.beans.factory.support.AbstractBeanFactory.getBean(AbstractBeanFactory.java:194)
	at org.springframework.context.support.AbstractApplicationContext.getBean(AbstractApplicationContext.java:1117)
	at org.springframework.context.support.AbstractApplicationContext.finishBeanFactoryInitialization(AbstractApplicationContext.java:922)
	at org.springframework.context.support.AbstractApplicationContext.refresh(AbstractApplicationContext.java:479)
	at org.springframework.test.context.support.AbstractGenericContextLoader.loadContext(AbstractGenericContextLoader.java:120)
	at org.springframework.test.context.support.AbstractGenericContextLoader.loadContext(AbstractGenericContextLoader.java:60)
	at org.springframework.test.context.support.AbstractDelegatingSmartContextLoader.delegateLoading(AbstractDelegatingSmartContextLoader.java:100)
	at org.springframework.test.context.support.AbstractDelegatingSmartContextLoader.loadContext(AbstractDelegatingSmartContextLoader.java:248)
	at org.springframework.test.context.CacheAwareContextLoaderDelegate.loadContextInternal(CacheAwareContextLoaderDelegate.java:64)
	at org.springframework.test.context.CacheAwareContextLoaderDelegate.loadContext(CacheAwareContextLoaderDelegate.java:91)
	at org.springframework.test.context.TestContext.getApplicationContext(TestContext.java:122)
	at org.springframework.test.context.web.ServletTestExecutionListener.setUpRequestContextIfNecessary(ServletTestExecutionListener.java:105)
	at org.springframework.test.context.web.ServletTestExecutionListener.prepareTestInstance(ServletTestExecutionListener.java:74)
	at org.springframework.test.context.TestContextManager.prepareTestInstance(TestContextManager.java:312)
	at org.springframework.test.context.junit4.SpringJUnit4ClassRunner.createTest(SpringJUnit4ClassRunner.java:211)
	at org.springframework.test.context.junit4.SpringJUnit4ClassRunner$1.runReflectiveCall(SpringJUnit4ClassRunner.java:288)
	at org.junit.internal.runners.model.ReflectiveCallable.run(ReflectiveCallable.java:12)
	at org.springframework.test.context.junit4.SpringJUnit4ClassRunner.methodBlock(SpringJUnit4ClassRunner.java:284)
	at org.springframework.test.context.junit4.SpringJUnit4ClassRunner.runChild(SpringJUnit4ClassRunner.java:231)
	at org.springframework.test.context.junit4.SpringJUnit4ClassRunner.runChild(SpringJUnit4ClassRunner.java:88)
	at org.junit.runners.ParentRunner$3.run(ParentRunner.java:290)
	at org.junit.runners.ParentRunner$1.schedule(ParentRunner.java:71)
	at org.junit.runners.ParentRunner.runChildren(ParentRunner.java:288)
	at org.junit.runners.ParentRunner.access$000(ParentRunner.java:58)
	at org.junit.runners.ParentRunner$2.evaluate(ParentRunner.java:268)
	at org.springframework.test.context.junit4.statements.RunBeforeTestClassCallbacks.evaluate(RunBeforeTestClassCallbacks.java:61)
	at org.springframework.test.context.junit4.statements.RunAfterTestClassCallbacks.evaluate(RunAfterTestClassCallbacks.java:71)
	at org.junit.runners.ParentRunner.run(ParentRunner.java:363)
	at org.springframework.test.context.junit4.SpringJUnit4ClassRunner.run(SpringJUnit4ClassRunner.java:174)
	at org.eclipse.jdt.internal.junit4.runner.JUnit4TestReference.run(JUnit4TestReference.java:50)
	at org.eclipse.jdt.internal.junit.runner.TestExecution.run(TestExecution.java:38)
	at org.eclipse.jdt.internal.junit.runner.RemoteTestRunner.runTests(RemoteTestRunner.java:459)
	at org.eclipse.jdt.internal.junit.runner.RemoteTestRunner.runTests(RemoteTestRunner.java:675)
	at org.eclipse.jdt.internal.junit.runner.RemoteTestRunner.run(RemoteTestRunner.java:382)
	at org.eclipse.jdt.internal.junit.runner.RemoteTestRunner.main(RemoteTestRunner.java:192)
Caused by: com.mysql.jdbc.exceptions.jdbc4.MySQLSyntaxErrorException: Unknown database 'cjweb3db'
	at sun.reflect.NativeConstructorAccessorImpl.newInstance0(Native Method)
	at sun.reflect.NativeConstructorAccessorImpl.newInstance(NativeConstructorAccessorImpl.java:62)
	at sun.reflect.DelegatingConstructorAccessorImpl.newInstance(DelegatingConstructorAccessorImpl.java:45)
	at java.lang.reflect.Constructor.newInstance(Constructor.java:423)
	at com.mysql.jdbc.Util.handleNewInstance(Util.java:406)
	at com.mysql.jdbc.Util.getInstance(Util.java:381)
	at com.mysql.jdbc.SQLError.createSQLException(SQLError.java:1030)
	at com.mysql.jdbc.SQLError.createSQLException(SQLError.java:956)
	at com.mysql.jdbc.MysqlIO.checkErrorPacket(MysqlIO.java:3558)
	at com.mysql.jdbc.MysqlIO.checkErrorPacket(MysqlIO.java:3490)
	at com.mysql.jdbc.MysqlIO.checkErrorPacket(MysqlIO.java:919)
	at com.mysql.jdbc.MysqlIO.secureAuth411(MysqlIO.java:3996)
	at com.mysql.jdbc.MysqlIO.doHandshake(MysqlIO.java:1284)
	at com.mysql.jdbc.ConnectionImpl.createNewIO(ConnectionImpl.java:2137)
	at com.mysql.jdbc.ConnectionImpl.<init>(ConnectionImpl.java:776)
	at com.mysql.jdbc.JDBC4Connection.<init>(JDBC4Connection.java:46)
	at sun.reflect.NativeConstructorAccessorImpl.newInstance0(Native Method)
	at sun.reflect.NativeConstructorAccessorImpl.newInstance(NativeConstructorAccessorImpl.java:62)
	at sun.reflect.DelegatingConstructorAccessorImpl.newInstance(DelegatingConstructorAccessorImpl.java:45)
	at java.lang.reflect.Constructor.newInstance(Constructor.java:423)
	at com.mysql.jdbc.Util.handleNewInstance(Util.java:406)
	at com.mysql.jdbc.ConnectionImpl.getInstance(ConnectionImpl.java:352)
	at com.mysql.jdbc.NonRegisteringDriver.connect(NonRegisteringDriver.java:284)
	at org.apache.commons.dbcp.DriverConnectionFactory.createConnection(DriverConnectionFactory.java:38)
	at org.apache.commons.dbcp.PoolableConnectionFactory.makeObject(PoolableConnectionFactory.java:582)
	at org.apache.commons.dbcp.BasicDataSource.validateConnectionFactory(BasicDataSource.java:1556)
	at org.apache.commons.dbcp.BasicDataSource.createPoolableConnectionFactory(BasicDataSource.java:1545)
	... 56 more
2016-08-11 20:15:23 INFO  DefaultListableBeanFactory:598 - Pre-instantiating singletons in org.springframework.beans.factory.support.DefaultListableBeanFactory@17badd3: defining beans [estadoConverter,pessoaConverter,bancoConverter,permissaoConverter,cidadeConverter,permissaoBean,pessoaBean,usuarioBean,bancoBean,estadoBean,cidadeBean,estadoDAO,pessoaDAO,permissaoDAO,cidadeDAO,usuarioDAO,bancoDAO,permissaoService,cidadeService,estadoService,bancoService,usuarioService,pessoaService,org.springframework.context.annotation.internalConfigurationAnnotationProcessor,org.springframework.context.annotation.internalAutowiredAnnotationProcessor,org.springframework.context.annotation.internalRequiredAnnotationProcessor,org.springframework.context.annotation.internalCommonAnnotationProcessor,org.springframework.context.annotation.internalPersistenceAnnotationProcessor,basicDataSource,entityManagerFactory,org.springframework.orm.jpa.support.PersistenceAnnotationBeanPostProcessor#0,transactionManager,org.springframework.aop.config.internalAutoProxyCreator,org.springframework.transaction.annotation.AnnotationTransactionAttributeSource#0,org.springframework.transaction.interceptor.TransactionInterceptor#0,org.springframework.transaction.config.internalTransactionAdvisor,org.springframework.beans.factory.config.CustomScopeConfigurer#0,org.springframework.context.annotation.ConfigurationClassPostProcessor.importAwareProcessor]; root of factory hierarchy
2016-08-11 20:15:25 WARN  SqlExceptionHelper:145 - SQL Error: 0, SQLState: null
2016-08-11 20:15:25 ERROR SqlExceptionHelper:147 - Cannot create PoolableConnectionFactory (Unknown database 'cjweb3db')
2016-08-11 20:15:25 INFO  DefaultListableBeanFactory:444 - Destroying singletons in org.springframework.beans.factory.support.DefaultListableBeanFactory@17badd3: defining beans [estadoConverter,pessoaConverter,bancoConverter,permissaoConverter,cidadeConverter,permissaoBean,pessoaBean,usuarioBean,bancoBean,estadoBean,cidadeBean,estadoDAO,pessoaDAO,permissaoDAO,cidadeDAO,usuarioDAO,bancoDAO,permissaoService,cidadeService,estadoService,bancoService,usuarioService,pessoaService,org.springframework.context.annotation.internalConfigurationAnnotationProcessor,org.springframework.context.annotation.internalAutowiredAnnotationProcessor,org.springframework.context.annotation.internalRequiredAnnotationProcessor,org.springframework.context.annotation.internalCommonAnnotationProcessor,org.springframework.context.annotation.internalPersistenceAnnotationProcessor,basicDataSource,entityManagerFactory,org.springframework.orm.jpa.support.PersistenceAnnotationBeanPostProcessor#0,transactionManager,org.springframework.aop.config.internalAutoProxyCreator,org.springframework.transaction.annotation.AnnotationTransactionAttributeSource#0,org.springframework.transaction.interceptor.TransactionInterceptor#0,org.springframework.transaction.config.internalTransactionAdvisor,org.springframework.beans.factory.config.CustomScopeConfigurer#0,org.springframework.context.annotation.ConfigurationClassPostProcessor.importAwareProcessor]; root of factory hierarchy
2016-08-11 20:15:25 INFO  LocalContainerEntityManagerFactoryBean:441 - Closing JPA EntityManagerFactory for persistence unit 'Cjweb3PU'
2016-08-11 20:15:25 ERROR TestContextManager:314 - Caught exception while allowing TestExecutionListener [org.springframework.test.context.web.ServletTestExecutionListener@1c11e6c] to prepare test instance [com.htcursos.teste.TestBancoDAO@4dcd31]
java.lang.IllegalStateException: Failed to load ApplicationContext
	at org.springframework.test.context.CacheAwareContextLoaderDelegate.loadContext(CacheAwareContextLoaderDelegate.java:99)
	at org.springframework.test.context.TestContext.getApplicationContext(TestContext.java:122)
	at org.springframework.test.context.web.ServletTestExecutionListener.setUpRequestContextIfNecessary(ServletTestExecutionListener.java:105)
	at org.springframework.test.context.web.ServletTestExecutionListener.prepareTestInstance(ServletTestExecutionListener.java:74)
	at org.springframework.test.context.TestContextManager.prepareTestInstance(TestContextManager.java:312)
	at org.springframework.test.context.junit4.SpringJUnit4ClassRunner.createTest(SpringJUnit4ClassRunner.java:211)
	at org.springframework.test.context.junit4.SpringJUnit4ClassRunner$1.runReflectiveCall(SpringJUnit4ClassRunner.java:288)
	at org.junit.internal.runners.model.ReflectiveCallable.run(ReflectiveCallable.java:12)
	at org.springframework.test.context.junit4.SpringJUnit4ClassRunner.methodBlock(SpringJUnit4ClassRunner.java:284)
	at org.springframework.test.context.junit4.SpringJUnit4ClassRunner.runChild(SpringJUnit4ClassRunner.java:231)
	at org.springframework.test.context.junit4.SpringJUnit4ClassRunner.runChild(SpringJUnit4ClassRunner.java:88)
	at org.junit.runners.ParentRunner$3.run(ParentRunner.java:290)
	at org.junit.runners.ParentRunner$1.schedule(ParentRunner.java:71)
	at org.junit.runners.ParentRunner.runChildren(ParentRunner.java:288)
	at org.junit.runners.ParentRunner.access$000(ParentRunner.java:58)
	at org.junit.runners.ParentRunner$2.evaluate(ParentRunner.java:268)
	at org.springframework.test.context.junit4.statements.RunBeforeTestClassCallbacks.evaluate(RunBeforeTestClassCallbacks.java:61)
	at org.springframework.test.context.junit4.statements.RunAfterTestClassCallbacks.evaluate(RunAfterTestClassCallbacks.java:71)
	at org.junit.runners.ParentRunner.run(ParentRunner.java:363)
	at org.springframework.test.context.junit4.SpringJUnit4ClassRunner.run(SpringJUnit4ClassRunner.java:174)
	at org.eclipse.jdt.internal.junit4.runner.JUnit4TestReference.run(JUnit4TestReference.java:50)
	at org.eclipse.jdt.internal.junit.runner.TestExecution.run(TestExecution.java:38)
	at org.eclipse.jdt.internal.junit.runner.RemoteTestRunner.runTests(RemoteTestRunner.java:459)
	at org.eclipse.jdt.internal.junit.runner.RemoteTestRunner.runTests(RemoteTestRunner.java:675)
	at org.eclipse.jdt.internal.junit.runner.RemoteTestRunner.run(RemoteTestRunner.java:382)
	at org.eclipse.jdt.internal.junit.runner.RemoteTestRunner.main(RemoteTestRunner.java:192)
Caused by: org.springframework.beans.factory.BeanCreationException: Error creating bean with name 'permissaoBean': Invocation of init method failed; nested exception is javax.persistence.PersistenceException: org.hibernate.exception.GenericJDBCException: Could not open connection
	at org.springframework.beans.factory.annotation.InitDestroyAnnotationBeanPostProcessor.postProcessBeforeInitialization(InitDestroyAnnotationBeanPostProcessor.java:133)
	at org.springframework.beans.factory.support.AbstractAutowireCapableBeanFactory.applyBeanPostProcessorsBeforeInitialization(AbstractAutowireCapableBeanFactory.java:396)
	at org.springframework.beans.factory.support.AbstractAutowireCapableBeanFactory.initializeBean(AbstractAutowireCapableBeanFactory.java:1475)
	at org.springframework.beans.factory.support.AbstractAutowireCapableBeanFactory.doCreateBean(AbstractAutowireCapableBeanFactory.java:521)
	at org.springframework.beans.factory.support.AbstractAutowireCapableBeanFactory.createBean(AbstractAutowireCapableBeanFactory.java:458)
	at org.springframework.beans.factory.support.AbstractBeanFactory$1.getObject(AbstractBeanFactory.java:295)
	at org.springframework.beans.factory.support.DefaultSingletonBeanRegistry.getSingleton(DefaultSingletonBeanRegistry.java:223)
	at org.springframework.beans.factory.support.AbstractBeanFactory.doGetBean(AbstractBeanFactory.java:292)
	at org.springframework.beans.factory.support.AbstractBeanFactory.getBean(AbstractBeanFactory.java:194)
	at org.springframework.beans.factory.support.DefaultListableBeanFactory.preInstantiateSingletons(DefaultListableBeanFactory.java:628)
	at org.springframework.context.support.AbstractApplicationContext.finishBeanFactoryInitialization(AbstractApplicationContext.java:932)
	at org.springframework.context.support.AbstractApplicationContext.refresh(AbstractApplicationContext.java:479)
	at org.springframework.test.context.support.AbstractGenericContextLoader.loadContext(AbstractGenericContextLoader.java:120)
	at org.springframework.test.context.support.AbstractGenericContextLoader.loadContext(AbstractGenericContextLoader.java:60)
	at org.springframework.test.context.support.AbstractDelegatingSmartContextLoader.delegateLoading(AbstractDelegatingSmartContextLoader.java:100)
	at org.springframework.test.context.support.AbstractDelegatingSmartContextLoader.loadContext(AbstractDelegatingSmartContextLoader.java:248)
	at org.springframework.test.context.CacheAwareContextLoaderDelegate.loadContextInternal(CacheAwareContextLoaderDelegate.java:64)
	at org.springframework.test.context.CacheAwareContextLoaderDelegate.loadContext(CacheAwareContextLoaderDelegate.java:91)
	... 25 more
Caused by: javax.persistence.PersistenceException: org.hibernate.exception.GenericJDBCException: Could not open connection
	at org.hibernate.ejb.AbstractEntityManagerImpl.convert(AbstractEntityManagerImpl.java:1387)
	at org.hibernate.ejb.AbstractEntityManagerImpl.convert(AbstractEntityManagerImpl.java:1310)
	at org.hibernate.ejb.QueryImpl.getResultList(QueryImpl.java:275)
	at sun.reflect.NativeMethodAccessorImpl.invoke0(Native Method)
	at sun.reflect.NativeMethodAccessorImpl.invoke(NativeMethodAccessorImpl.java:62)
	at sun.reflect.DelegatingMethodAccessorImpl.invoke(DelegatingMethodAccessorImpl.java:43)
	at java.lang.reflect.Method.invoke(Method.java:498)
	at org.springframework.orm.jpa.SharedEntityManagerCreator$DeferredQueryInvocationHandler.invoke(SharedEntityManagerCreator.java:310)
	at com.sun.proxy.$Proxy40.getResultList(Unknown Source)
	at com.htcursos.model.dao.PermissaoDAO.buscarTodos(PermissaoDAO.java:50)
	at com.htcursos.model.dao.PermissaoDAO$$FastClassByCGLIB$$5461102a.invoke(<generated>)
	at org.springframework.cglib.proxy.MethodProxy.invoke(MethodProxy.java:204)
	at org.springframework.aop.framework.CglibAopProxy$DynamicAdvisedInterceptor.intercept(CglibAopProxy.java:627)
	at com.htcursos.model.dao.PermissaoDAO$$EnhancerByCGLIB$$440532b3.buscarTodos(<generated>)
	at com.htcursos.model.service.PermissaoService.buscarTodos(PermissaoService.java:45)
	at com.htcursos.controller.PermissaoBean.inicializar(PermissaoBean.java:33)
	at sun.reflect.NativeMethodAccessorImpl.invoke0(Native Method)
	at sun.reflect.NativeMethodAccessorImpl.invoke(NativeMethodAccessorImpl.java:62)
	at sun.reflect.DelegatingMethodAccessorImpl.invoke(DelegatingMethodAccessorImpl.java:43)
	at java.lang.reflect.Method.invoke(Method.java:498)
	at org.springframework.beans.factory.annotation.InitDestroyAnnotationBeanPostProcessor$LifecycleElement.invoke(InitDestroyAnnotationBeanPostProcessor.java:344)
	at org.springframework.beans.factory.annotation.InitDestroyAnnotationBeanPostProcessor$LifecycleMetadata.invokeInitMethods(InitDestroyAnnotationBeanPostProcessor.java:295)
	at org.springframework.beans.factory.annotation.InitDestroyAnnotationBeanPostProcessor.postProcessBeforeInitialization(InitDestroyAnnotationBeanPostProcessor.java:130)
	... 42 more
Caused by: org.hibernate.exception.GenericJDBCException: Could not open connection
	at org.hibernate.exception.internal.StandardSQLExceptionConverter.convert(StandardSQLExceptionConverter.java:54)
	at org.hibernate.engine.jdbc.spi.SqlExceptionHelper.convert(SqlExceptionHelper.java:125)
	at org.hibernate.engine.jdbc.spi.SqlExceptionHelper.convert(SqlExceptionHelper.java:110)
	at org.hibernate.engine.jdbc.internal.LogicalConnectionImpl.obtainConnection(LogicalConnectionImpl.java:221)
	at org.hibernate.engine.jdbc.internal.LogicalConnectionImpl.getConnection(LogicalConnectionImpl.java:157)
	at org.hibernate.engine.jdbc.internal.StatementPreparerImpl.connection(StatementPreparerImpl.java:56)
	at org.hibernate.engine.jdbc.internal.StatementPreparerImpl$5.doPrepare(StatementPreparerImpl.java:161)
	at org.hibernate.engine.jdbc.internal.StatementPreparerImpl$StatementPreparationTemplate.prepareStatement(StatementPreparerImpl.java:182)
	at org.hibernate.engine.jdbc.internal.StatementPreparerImpl.prepareQueryStatement(StatementPreparerImpl.java:159)
	at org.hibernate.loader.Loader.prepareQueryStatement(Loader.java:1859)
	at org.hibernate.loader.Loader.executeQueryStatement(Loader.java:1836)
	at org.hibernate.loader.Loader.executeQueryStatement(Loader.java:1816)
	at org.hibernate.loader.Loader.doQuery(Loader.java:900)
	at org.hibernate.loader.Loader.doQueryAndInitializeNonLazyCollections(Loader.java:342)
	at org.hibernate.loader.Loader.doList(Loader.java:2526)
	at org.hibernate.loader.Loader.doList(Loader.java:2512)
	at org.hibernate.loader.Loader.listIgnoreQueryCache(Loader.java:2342)
	at org.hibernate.loader.Loader.list(Loader.java:2337)
	at org.hibernate.loader.hql.QueryLoader.list(QueryLoader.java:495)
	at org.hibernate.hql.internal.ast.QueryTranslatorImpl.list(QueryTranslatorImpl.java:356)
	at org.hibernate.engine.query.spi.HQLQueryPlan.performList(HQLQueryPlan.java:195)
	at org.hibernate.internal.SessionImpl.list(SessionImpl.java:1269)
	at org.hibernate.internal.QueryImpl.list(QueryImpl.java:101)
	at org.hibernate.ejb.QueryImpl.getResultList(QueryImpl.java:266)
	... 62 more
Caused by: org.apache.commons.dbcp.SQLNestedException: Cannot create PoolableConnectionFactory (Unknown database 'cjweb3db')
	at org.apache.commons.dbcp.BasicDataSource.createPoolableConnectionFactory(BasicDataSource.java:1549)
	at org.apache.commons.dbcp.BasicDataSource.createDataSource(BasicDataSource.java:1388)
	at org.apache.commons.dbcp.BasicDataSource.getConnection(BasicDataSource.java:1044)
	at org.hibernate.ejb.connection.InjectedDataSourceConnectionProvider.getConnection(InjectedDataSourceConnectionProvider.java:70)
	at org.hibernate.internal.AbstractSessionImpl$NonContextualJdbcConnectionAccess.obtainConnection(AbstractSessionImpl.java:292)
	at org.hibernate.engine.jdbc.internal.LogicalConnectionImpl.obtainConnection(LogicalConnectionImpl.java:214)
	... 82 more
Caused by: com.mysql.jdbc.exceptions.jdbc4.MySQLSyntaxErrorException: Unknown database 'cjweb3db'
	at sun.reflect.NativeConstructorAccessorImpl.newInstance0(Native Method)
	at sun.reflect.NativeConstructorAccessorImpl.newInstance(NativeConstructorAccessorImpl.java:62)
	at sun.reflect.DelegatingConstructorAccessorImpl.newInstance(DelegatingConstructorAccessorImpl.java:45)
	at java.lang.reflect.Constructor.newInstance(Constructor.java:423)
	at com.mysql.jdbc.Util.handleNewInstance(Util.java:406)
	at com.mysql.jdbc.Util.getInstance(Util.java:381)
	at com.mysql.jdbc.SQLError.createSQLException(SQLError.java:1030)
	at com.mysql.jdbc.SQLError.createSQLException(SQLError.java:956)
	at com.mysql.jdbc.MysqlIO.checkErrorPacket(MysqlIO.java:3558)
	at com.mysql.jdbc.MysqlIO.checkErrorPacket(MysqlIO.java:3490)
	at com.mysql.jdbc.MysqlIO.checkErrorPacket(MysqlIO.java:919)
	at com.mysql.jdbc.MysqlIO.secureAuth411(MysqlIO.java:3996)
	at com.mysql.jdbc.MysqlIO.doHandshake(MysqlIO.java:1284)
	at com.mysql.jdbc.ConnectionImpl.createNewIO(ConnectionImpl.java:2137)
	at com.mysql.jdbc.ConnectionImpl.<init>(ConnectionImpl.java:776)
	at com.mysql.jdbc.JDBC4Connection.<init>(JDBC4Connection.java:46)
	at sun.reflect.NativeConstructorAccessorImpl.newInstance0(Native Method)
	at sun.reflect.NativeConstructorAccessorImpl.newInstance(NativeConstructorAccessorImpl.java:62)
	at sun.reflect.DelegatingConstructorAccessorImpl.newInstance(DelegatingConstructorAccessorImpl.java:45)
	at java.lang.reflect.Constructor.newInstance(Constructor.java:423)
	at com.mysql.jdbc.Util.handleNewInstance(Util.java:406)
	at com.mysql.jdbc.ConnectionImpl.getInstance(ConnectionImpl.java:352)
	at com.mysql.jdbc.NonRegisteringDriver.connect(NonRegisteringDriver.java:284)
	at org.apache.commons.dbcp.DriverConnectionFactory.createConnection(DriverConnectionFactory.java:38)
	at org.apache.commons.dbcp.PoolableConnectionFactory.makeObject(PoolableConnectionFactory.java:582)
	at org.apache.commons.dbcp.BasicDataSource.validateConnectionFactory(BasicDataSource.java:1556)
	at org.apache.commons.dbcp.BasicDataSource.createPoolableConnectionFactory(BasicDataSource.java:1545)
	... 87 more
2016-08-11 20:17:44 INFO  XmlBeanDefinitionReader:315 - Loading XML bean definitions from URL [file:src/main/webapp/WEB-INF/applicationContext.xml]
2016-08-11 20:17:44 INFO  ClassPathBeanDefinitionScanner:231 - JSR-250 'javax.annotation.ManagedBean' found and supported for component scanning
2016-08-11 20:17:44 INFO  ClassPathBeanDefinitionScanner:239 - JSR-330 'javax.inject.Named' annotation found and supported for component scanning
2016-08-11 20:17:45 INFO  GenericApplicationContext:510 - Refreshing org.springframework.context.support.GenericApplicationContext@17e1986: startup date [Thu Aug 11 20:17:45 BRT 2016]; root of context hierarchy
2016-08-11 20:17:45 INFO  AutowiredAnnotationBeanPostProcessor:140 - JSR-330 'javax.inject.Inject' annotation found and supported for autowiring
2016-08-11 20:17:45 INFO  DefaultListableBeanFactory:444 - Destroying singletons in org.springframework.beans.factory.support.DefaultListableBeanFactory@17badd3: defining beans [estadoConverter,pessoaConverter,bancoConverter,permissaoConverter,cidadeConverter,permissaoBean,pessoaBean,usuarioBean,bancoBean,estadoBean,cidadeBean,estadoDAO,pessoaDAO,permissaoDAO,cidadeDAO,usuarioDAO,bancoDAO,permissaoService,cidadeService,estadoService,bancoService,usuarioService,pessoaService,org.springframework.context.annotation.internalConfigurationAnnotationProcessor,org.springframework.context.annotation.internalAutowiredAnnotationProcessor,org.springframework.context.annotation.internalRequiredAnnotationProcessor,org.springframework.context.annotation.internalCommonAnnotationProcessor,org.springframework.context.annotation.internalPersistenceAnnotationProcessor,postgresqlDataSource,entityManagerFactory,org.springframework.orm.jpa.support.PersistenceAnnotationBeanPostProcessor#0,transactionManager,org.springframework.aop.config.internalAutoProxyCreator,org.springframework.transaction.annotation.AnnotationTransactionAttributeSource#0,org.springframework.transaction.interceptor.TransactionInterceptor#0,org.springframework.transaction.config.internalTransactionAdvisor,org.springframework.beans.factory.config.CustomScopeConfigurer#0,org.springframework.context.annotation.ConfigurationClassPostProcessor.importAwareProcessor]; root of factory hierarchy
2016-08-11 20:17:45 ERROR TestContextManager:314 - Caught exception while allowing TestExecutionListener [org.springframework.test.context.web.ServletTestExecutionListener@826e7] to prepare test instance [com.htcursos.teste.TestBancoDAO@eff876]
java.lang.IllegalStateException: Failed to load ApplicationContext
	at org.springframework.test.context.CacheAwareContextLoaderDelegate.loadContext(CacheAwareContextLoaderDelegate.java:99)
	at org.springframework.test.context.TestContext.getApplicationContext(TestContext.java:122)
	at org.springframework.test.context.web.ServletTestExecutionListener.setUpRequestContextIfNecessary(ServletTestExecutionListener.java:105)
	at org.springframework.test.context.web.ServletTestExecutionListener.prepareTestInstance(ServletTestExecutionListener.java:74)
	at org.springframework.test.context.TestContextManager.prepareTestInstance(TestContextManager.java:312)
	at org.springframework.test.context.junit4.SpringJUnit4ClassRunner.createTest(SpringJUnit4ClassRunner.java:211)
	at org.springframework.test.context.junit4.SpringJUnit4ClassRunner$1.runReflectiveCall(SpringJUnit4ClassRunner.java:288)
	at org.junit.internal.runners.model.ReflectiveCallable.run(ReflectiveCallable.java:12)
	at org.springframework.test.context.junit4.SpringJUnit4ClassRunner.methodBlock(SpringJUnit4ClassRunner.java:284)
	at org.springframework.test.context.junit4.SpringJUnit4ClassRunner.runChild(SpringJUnit4ClassRunner.java:231)
	at org.springframework.test.context.junit4.SpringJUnit4ClassRunner.runChild(SpringJUnit4ClassRunner.java:88)
	at org.junit.runners.ParentRunner$3.run(ParentRunner.java:290)
	at org.junit.runners.ParentRunner$1.schedule(ParentRunner.java:71)
	at org.junit.runners.ParentRunner.runChildren(ParentRunner.java:288)
	at org.junit.runners.ParentRunner.access$000(ParentRunner.java:58)
	at org.junit.runners.ParentRunner$2.evaluate(ParentRunner.java:268)
	at org.springframework.test.context.junit4.statements.RunBeforeTestClassCallbacks.evaluate(RunBeforeTestClassCallbacks.java:61)
	at org.springframework.test.context.junit4.statements.RunAfterTestClassCallbacks.evaluate(RunAfterTestClassCallbacks.java:71)
	at org.junit.runners.ParentRunner.run(ParentRunner.java:363)
	at org.springframework.test.context.junit4.SpringJUnit4ClassRunner.run(SpringJUnit4ClassRunner.java:174)
	at org.eclipse.jdt.internal.junit4.runner.JUnit4TestReference.run(JUnit4TestReference.java:50)
	at org.eclipse.jdt.internal.junit.runner.TestExecution.run(TestExecution.java:38)
	at org.eclipse.jdt.internal.junit.runner.RemoteTestRunner.runTests(RemoteTestRunner.java:459)
	at org.eclipse.jdt.internal.junit.runner.RemoteTestRunner.runTests(RemoteTestRunner.java:675)
	at org.eclipse.jdt.internal.junit.runner.RemoteTestRunner.run(RemoteTestRunner.java:382)
	at org.eclipse.jdt.internal.junit.runner.RemoteTestRunner.main(RemoteTestRunner.java:192)
Caused by: org.springframework.beans.factory.BeanCreationException: Error creating bean with name 'entityManagerFactory' defined in URL [file:src/main/webapp/WEB-INF/applicationContext.xml]: Cannot resolve reference to bean 'postgresqlDataSource' while setting bean property 'dataSource'; nested exception is org.springframework.beans.factory.BeanCreationException: Error creating bean with name 'postgresqlDataSource' defined in URL [file:src/main/webapp/WEB-INF/applicationContext.xml]: Error setting property values; nested exception is org.springframework.beans.PropertyBatchUpdateException; nested PropertyAccessExceptions (1) are:
PropertyAccessException 1: org.springframework.beans.MethodInvocationException: Property 'driverClassName' threw exception; nested exception is java.lang.IllegalStateException: Could not load JDBC driver class [org.postgresql.Driver]
	at org.springframework.beans.factory.support.BeanDefinitionValueResolver.resolveReference(BeanDefinitionValueResolver.java:329)
	at org.springframework.beans.factory.support.BeanDefinitionValueResolver.resolveValueIfNecessary(BeanDefinitionValueResolver.java:107)
	at org.springframework.beans.factory.support.AbstractAutowireCapableBeanFactory.applyPropertyValues(AbstractAutowireCapableBeanFactory.java:1387)
	at org.springframework.beans.factory.support.AbstractAutowireCapableBeanFactory.populateBean(AbstractAutowireCapableBeanFactory.java:1128)
	at org.springframework.beans.factory.support.AbstractAutowireCapableBeanFactory.doCreateBean(AbstractAutowireCapableBeanFactory.java:519)
	at org.springframework.beans.factory.support.AbstractAutowireCapableBeanFactory.createBean(AbstractAutowireCapableBeanFactory.java:458)
	at org.springframework.beans.factory.support.AbstractBeanFactory$1.getObject(AbstractBeanFactory.java:295)
	at org.springframework.beans.factory.support.DefaultSingletonBeanRegistry.getSingleton(DefaultSingletonBeanRegistry.java:223)
	at org.springframework.beans.factory.support.AbstractBeanFactory.doGetBean(AbstractBeanFactory.java:292)
	at org.springframework.beans.factory.support.AbstractBeanFactory.getBean(AbstractBeanFactory.java:194)
	at org.springframework.context.support.AbstractApplicationContext.getBean(AbstractApplicationContext.java:1117)
	at org.springframework.context.support.AbstractApplicationContext.finishBeanFactoryInitialization(AbstractApplicationContext.java:922)
	at org.springframework.context.support.AbstractApplicationContext.refresh(AbstractApplicationContext.java:479)
	at org.springframework.test.context.support.AbstractGenericContextLoader.loadContext(AbstractGenericContextLoader.java:120)
	at org.springframework.test.context.support.AbstractGenericContextLoader.loadContext(AbstractGenericContextLoader.java:60)
	at org.springframework.test.context.support.AbstractDelegatingSmartContextLoader.delegateLoading(AbstractDelegatingSmartContextLoader.java:100)
	at org.springframework.test.context.support.AbstractDelegatingSmartContextLoader.loadContext(AbstractDelegatingSmartContextLoader.java:248)
	at org.springframework.test.context.CacheAwareContextLoaderDelegate.loadContextInternal(CacheAwareContextLoaderDelegate.java:64)
	at org.springframework.test.context.CacheAwareContextLoaderDelegate.loadContext(CacheAwareContextLoaderDelegate.java:91)
	... 25 more
Caused by: org.springframework.beans.factory.BeanCreationException: Error creating bean with name 'postgresqlDataSource' defined in URL [file:src/main/webapp/WEB-INF/applicationContext.xml]: Error setting property values; nested exception is org.springframework.beans.PropertyBatchUpdateException; nested PropertyAccessExceptions (1) are:
PropertyAccessException 1: org.springframework.beans.MethodInvocationException: Property 'driverClassName' threw exception; nested exception is java.lang.IllegalStateException: Could not load JDBC driver class [org.postgresql.Driver]
	at org.springframework.beans.factory.support.AbstractAutowireCapableBeanFactory.applyPropertyValues(AbstractAutowireCapableBeanFactory.java:1423)
	at org.springframework.beans.factory.support.AbstractAutowireCapableBeanFactory.populateBean(AbstractAutowireCapableBeanFactory.java:1128)
	at org.springframework.beans.factory.support.AbstractAutowireCapableBeanFactory.doCreateBean(AbstractAutowireCapableBeanFactory.java:519)
	at org.springframework.beans.factory.support.AbstractAutowireCapableBeanFactory.createBean(AbstractAutowireCapableBeanFactory.java:458)
	at org.springframework.beans.factory.support.AbstractBeanFactory$1.getObject(AbstractBeanFactory.java:295)
	at org.springframework.beans.factory.support.DefaultSingletonBeanRegistry.getSingleton(DefaultSingletonBeanRegistry.java:223)
	at org.springframework.beans.factory.support.AbstractBeanFactory.doGetBean(AbstractBeanFactory.java:292)
	at org.springframework.beans.factory.support.AbstractBeanFactory.getBean(AbstractBeanFactory.java:194)
	at org.springframework.beans.factory.support.BeanDefinitionValueResolver.resolveReference(BeanDefinitionValueResolver.java:323)
	... 43 more
Caused by: org.springframework.beans.PropertyBatchUpdateException; nested PropertyAccessExceptions (1) are:
PropertyAccessException 1: org.springframework.beans.MethodInvocationException: Property 'driverClassName' threw exception; nested exception is java.lang.IllegalStateException: Could not load JDBC driver class [org.postgresql.Driver]
	at org.springframework.beans.AbstractPropertyAccessor.setPropertyValues(AbstractPropertyAccessor.java:101)
	at org.springframework.beans.AbstractPropertyAccessor.setPropertyValues(AbstractPropertyAccessor.java:57)
	at org.springframework.beans.factory.support.AbstractAutowireCapableBeanFactory.applyPropertyValues(AbstractAutowireCapableBeanFactory.java:1420)
	... 51 more
2016-08-11 20:18:19 INFO  XmlBeanDefinitionReader:315 - Loading XML bean definitions from URL [file:src/main/webapp/WEB-INF/applicationContext.xml]
2016-08-11 20:18:20 INFO  ClassPathBeanDefinitionScanner:231 - JSR-250 'javax.annotation.ManagedBean' found and supported for component scanning
2016-08-11 20:18:20 INFO  ClassPathBeanDefinitionScanner:239 - JSR-330 'javax.inject.Named' annotation found and supported for component scanning
2016-08-11 20:18:20 INFO  GenericApplicationContext:510 - Refreshing org.springframework.context.support.GenericApplicationContext@b4c3ab: startup date [Thu Aug 11 20:18:20 BRT 2016]; root of context hierarchy
2016-08-11 20:18:20 INFO  AutowiredAnnotationBeanPostProcessor:140 - JSR-330 'javax.inject.Inject' annotation found and supported for autowiring
2016-08-11 20:18:21 INFO  DefaultListableBeanFactory:444 - Destroying singletons in org.springframework.beans.factory.support.DefaultListableBeanFactory@13b46c3: defining beans [estadoConverter,pessoaConverter,bancoConverter,permissaoConverter,cidadeConverter,permissaoBean,pessoaBean,usuarioBean,bancoBean,estadoBean,cidadeBean,estadoDAO,pessoaDAO,permissaoDAO,cidadeDAO,usuarioDAO,bancoDAO,permissaoService,cidadeService,estadoService,bancoService,usuarioService,pessoaService,org.springframework.context.annotation.internalConfigurationAnnotationProcessor,org.springframework.context.annotation.internalAutowiredAnnotationProcessor,org.springframework.context.annotation.internalRequiredAnnotationProcessor,org.springframework.context.annotation.internalCommonAnnotationProcessor,org.springframework.context.annotation.internalPersistenceAnnotationProcessor,postgresqlDataSource,entityManagerFactory,org.springframework.orm.jpa.support.PersistenceAnnotationBeanPostProcessor#0,transactionManager,org.springframework.aop.config.internalAutoProxyCreator,org.springframework.transaction.annotation.AnnotationTransactionAttributeSource#0,org.springframework.transaction.interceptor.TransactionInterceptor#0,org.springframework.transaction.config.internalTransactionAdvisor,org.springframework.beans.factory.config.CustomScopeConfigurer#0,org.springframework.context.annotation.ConfigurationClassPostProcessor.importAwareProcessor]; root of factory hierarchy
2016-08-11 20:18:21 ERROR TestContextManager:314 - Caught exception while allowing TestExecutionListener [org.springframework.test.context.web.ServletTestExecutionListener@1a98a66] to prepare test instance [com.htcursos.teste.TestBancoDAO@1ff3e9e]
java.lang.IllegalStateException: Failed to load ApplicationContext
	at org.springframework.test.context.CacheAwareContextLoaderDelegate.loadContext(CacheAwareContextLoaderDelegate.java:99)
	at org.springframework.test.context.TestContext.getApplicationContext(TestContext.java:122)
	at org.springframework.test.context.web.ServletTestExecutionListener.setUpRequestContextIfNecessary(ServletTestExecutionListener.java:105)
	at org.springframework.test.context.web.ServletTestExecutionListener.prepareTestInstance(ServletTestExecutionListener.java:74)
	at org.springframework.test.context.TestContextManager.prepareTestInstance(TestContextManager.java:312)
	at org.springframework.test.context.junit4.SpringJUnit4ClassRunner.createTest(SpringJUnit4ClassRunner.java:211)
	at org.springframework.test.context.junit4.SpringJUnit4ClassRunner$1.runReflectiveCall(SpringJUnit4ClassRunner.java:288)
	at org.junit.internal.runners.model.ReflectiveCallable.run(ReflectiveCallable.java:12)
	at org.springframework.test.context.junit4.SpringJUnit4ClassRunner.methodBlock(SpringJUnit4ClassRunner.java:284)
	at org.springframework.test.context.junit4.SpringJUnit4ClassRunner.runChild(SpringJUnit4ClassRunner.java:231)
	at org.springframework.test.context.junit4.SpringJUnit4ClassRunner.runChild(SpringJUnit4ClassRunner.java:88)
	at org.junit.runners.ParentRunner$3.run(ParentRunner.java:290)
	at org.junit.runners.ParentRunner$1.schedule(ParentRunner.java:71)
	at org.junit.runners.ParentRunner.runChildren(ParentRunner.java:288)
	at org.junit.runners.ParentRunner.access$000(ParentRunner.java:58)
	at org.junit.runners.ParentRunner$2.evaluate(ParentRunner.java:268)
	at org.springframework.test.context.junit4.statements.RunBeforeTestClassCallbacks.evaluate(RunBeforeTestClassCallbacks.java:61)
	at org.springframework.test.context.junit4.statements.RunAfterTestClassCallbacks.evaluate(RunAfterTestClassCallbacks.java:71)
	at org.junit.runners.ParentRunner.run(ParentRunner.java:363)
	at org.springframework.test.context.junit4.SpringJUnit4ClassRunner.run(SpringJUnit4ClassRunner.java:174)
	at org.eclipse.jdt.internal.junit4.runner.JUnit4TestReference.run(JUnit4TestReference.java:50)
	at org.eclipse.jdt.internal.junit.runner.TestExecution.run(TestExecution.java:38)
	at org.eclipse.jdt.internal.junit.runner.RemoteTestRunner.runTests(RemoteTestRunner.java:459)
	at org.eclipse.jdt.internal.junit.runner.RemoteTestRunner.runTests(RemoteTestRunner.java:675)
	at org.eclipse.jdt.internal.junit.runner.RemoteTestRunner.run(RemoteTestRunner.java:382)
	at org.eclipse.jdt.internal.junit.runner.RemoteTestRunner.main(RemoteTestRunner.java:192)
Caused by: org.springframework.beans.factory.BeanCreationException: Error creating bean with name 'entityManagerFactory' defined in URL [file:src/main/webapp/WEB-INF/applicationContext.xml]: Cannot resolve reference to bean 'postgresqlDataSource' while setting bean property 'dataSource'; nested exception is org.springframework.beans.factory.BeanCreationException: Error creating bean with name 'postgresqlDataSource' defined in URL [file:src/main/webapp/WEB-INF/applicationContext.xml]: Error setting property values; nested exception is org.springframework.beans.PropertyBatchUpdateException; nested PropertyAccessExceptions (1) are:
PropertyAccessException 1: org.springframework.beans.MethodInvocationException: Property 'driverClassName' threw exception; nested exception is java.lang.IllegalStateException: Could not load JDBC driver class [org.postgresql.Driver]
	at org.springframework.beans.factory.support.BeanDefinitionValueResolver.resolveReference(BeanDefinitionValueResolver.java:329)
	at org.springframework.beans.factory.support.BeanDefinitionValueResolver.resolveValueIfNecessary(BeanDefinitionValueResolver.java:107)
	at org.springframework.beans.factory.support.AbstractAutowireCapableBeanFactory.applyPropertyValues(AbstractAutowireCapableBeanFactory.java:1387)
	at org.springframework.beans.factory.support.AbstractAutowireCapableBeanFactory.populateBean(AbstractAutowireCapableBeanFactory.java:1128)
	at org.springframework.beans.factory.support.AbstractAutowireCapableBeanFactory.doCreateBean(AbstractAutowireCapableBeanFactory.java:519)
	at org.springframework.beans.factory.support.AbstractAutowireCapableBeanFactory.createBean(AbstractAutowireCapableBeanFactory.java:458)
	at org.springframework.beans.factory.support.AbstractBeanFactory$1.getObject(AbstractBeanFactory.java:295)
	at org.springframework.beans.factory.support.DefaultSingletonBeanRegistry.getSingleton(DefaultSingletonBeanRegistry.java:223)
	at org.springframework.beans.factory.support.AbstractBeanFactory.doGetBean(AbstractBeanFactory.java:292)
	at org.springframework.beans.factory.support.AbstractBeanFactory.getBean(AbstractBeanFactory.java:194)
	at org.springframework.context.support.AbstractApplicationContext.getBean(AbstractApplicationContext.java:1117)
	at org.springframework.context.support.AbstractApplicationContext.finishBeanFactoryInitialization(AbstractApplicationContext.java:922)
	at org.springframework.context.support.AbstractApplicationContext.refresh(AbstractApplicationContext.java:479)
	at org.springframework.test.context.support.AbstractGenericContextLoader.loadContext(AbstractGenericContextLoader.java:120)
	at org.springframework.test.context.support.AbstractGenericContextLoader.loadContext(AbstractGenericContextLoader.java:60)
	at org.springframework.test.context.support.AbstractDelegatingSmartContextLoader.delegateLoading(AbstractDelegatingSmartContextLoader.java:100)
	at org.springframework.test.context.support.AbstractDelegatingSmartContextLoader.loadContext(AbstractDelegatingSmartContextLoader.java:248)
	at org.springframework.test.context.CacheAwareContextLoaderDelegate.loadContextInternal(CacheAwareContextLoaderDelegate.java:64)
	at org.springframework.test.context.CacheAwareContextLoaderDelegate.loadContext(CacheAwareContextLoaderDelegate.java:91)
	... 25 more
Caused by: org.springframework.beans.factory.BeanCreationException: Error creating bean with name 'postgresqlDataSource' defined in URL [file:src/main/webapp/WEB-INF/applicationContext.xml]: Error setting property values; nested exception is org.springframework.beans.PropertyBatchUpdateException; nested PropertyAccessExceptions (1) are:
PropertyAccessException 1: org.springframework.beans.MethodInvocationException: Property 'driverClassName' threw exception; nested exception is java.lang.IllegalStateException: Could not load JDBC driver class [org.postgresql.Driver]
	at org.springframework.beans.factory.support.AbstractAutowireCapableBeanFactory.applyPropertyValues(AbstractAutowireCapableBeanFactory.java:1423)
	at org.springframework.beans.factory.support.AbstractAutowireCapableBeanFactory.populateBean(AbstractAutowireCapableBeanFactory.java:1128)
	at org.springframework.beans.factory.support.AbstractAutowireCapableBeanFactory.doCreateBean(AbstractAutowireCapableBeanFactory.java:519)
	at org.springframework.beans.factory.support.AbstractAutowireCapableBeanFactory.createBean(AbstractAutowireCapableBeanFactory.java:458)
	at org.springframework.beans.factory.support.AbstractBeanFactory$1.getObject(AbstractBeanFactory.java:295)
	at org.springframework.beans.factory.support.DefaultSingletonBeanRegistry.getSingleton(DefaultSingletonBeanRegistry.java:223)
	at org.springframework.beans.factory.support.AbstractBeanFactory.doGetBean(AbstractBeanFactory.java:292)
	at org.springframework.beans.factory.support.AbstractBeanFactory.getBean(AbstractBeanFactory.java:194)
	at org.springframework.beans.factory.support.BeanDefinitionValueResolver.resolveReference(BeanDefinitionValueResolver.java:323)
	... 43 more
Caused by: org.springframework.beans.PropertyBatchUpdateException; nested PropertyAccessExceptions (1) are:
PropertyAccessException 1: org.springframework.beans.MethodInvocationException: Property 'driverClassName' threw exception; nested exception is java.lang.IllegalStateException: Could not load JDBC driver class [org.postgresql.Driver]
	at org.springframework.beans.AbstractPropertyAccessor.setPropertyValues(AbstractPropertyAccessor.java:101)
	at org.springframework.beans.AbstractPropertyAccessor.setPropertyValues(AbstractPropertyAccessor.java:57)
	at org.springframework.beans.factory.support.AbstractAutowireCapableBeanFactory.applyPropertyValues(AbstractAutowireCapableBeanFactory.java:1420)
	... 51 more
2016-08-11 20:19:39 INFO  XmlBeanDefinitionReader:315 - Loading XML bean definitions from URL [file:src/main/webapp/WEB-INF/applicationContext.xml]
2016-08-11 20:19:41 INFO  ClassPathBeanDefinitionScanner:231 - JSR-250 'javax.annotation.ManagedBean' found and supported for component scanning
2016-08-11 20:19:41 INFO  ClassPathBeanDefinitionScanner:239 - JSR-330 'javax.inject.Named' annotation found and supported for component scanning
2016-08-11 20:19:41 INFO  GenericApplicationContext:510 - Refreshing org.springframework.context.support.GenericApplicationContext@1a57a3b: startup date [Thu Aug 11 20:19:41 BRT 2016]; root of context hierarchy
2016-08-11 20:19:41 INFO  AutowiredAnnotationBeanPostProcessor:140 - JSR-330 'javax.inject.Inject' annotation found and supported for autowiring
2016-08-11 20:19:41 INFO  DriverManagerDataSource:153 - Loaded JDBC driver: org.postgresql.Driver
2016-08-11 20:19:41 INFO  LocalContainerEntityManagerFactoryBean:283 - Building JPA container EntityManagerFactory for persistence unit 'Cjweb3PU'
2016-08-11 20:19:42 INFO  Version:37 - HCANN000001: Hibernate Commons Annotations {4.0.2.Final}
2016-08-11 20:19:42 INFO  Version:41 - HHH000412: Hibernate Core {4.2.3.Final}
2016-08-11 20:19:42 INFO  Environment:239 - HHH000206: hibernate.properties not found
2016-08-11 20:19:42 INFO  Environment:342 - HHH000021: Bytecode provider name : javassist
2016-08-11 20:19:42 INFO  Ejb3Configuration:529 - HHH000204: Processing PersistenceUnitInfo [
	name: Cjweb3PU
	...]
2016-08-11 20:19:42 INFO  ConnectionProviderInitiator:188 - HHH000130: Instantiating explicit connection provider: org.hibernate.ejb.connection.InjectedDataSourceConnectionProvider
2016-08-11 20:19:43 INFO  Dialect:130 - HHH000400: Using dialect: org.hibernate.dialect.PostgreSQLDialect
2016-08-11 20:19:43 INFO  LobCreatorBuilder:120 - HHH000424: Disabling contextual LOB creation as createClob() method threw error : java.lang.reflect.InvocationTargetException
2016-08-11 20:19:44 INFO  TransactionFactoryInitiator:73 - HHH000268: Transaction strategy: org.hibernate.engine.transaction.internal.jdbc.JdbcTransactionFactory
2016-08-11 20:19:44 INFO  ASTQueryTranslatorFactory:48 - HHH000397: Using ASTQueryTranslatorFactory
2016-08-11 20:19:44 INFO  SchemaUpdate:182 - HHH000228: Running hbm2ddl schema update
2016-08-11 20:19:44 INFO  SchemaUpdate:193 - HHH000102: Fetching database metadata
2016-08-11 20:19:44 INFO  SchemaUpdate:205 - HHH000396: Updating schema
2016-08-11 20:19:44 INFO  DatabaseMetaData:146 - HHH000262: Table not found: tb_banco
2016-08-11 20:19:45 INFO  TableMetadata:65 - HHH000261: Table found: public.tb_cidade
2016-08-11 20:19:45 INFO  TableMetadata:66 - HHH000037: Columns: [estado_id, nome, id]
2016-08-11 20:19:45 INFO  TableMetadata:68 - HHH000108: Foreign keys: [fk_llu2gdqui6q1wsy5w581l26vh]
2016-08-11 20:19:45 INFO  TableMetadata:69 - HHH000126: Indexes: [tb_cidade_pkey]
2016-08-11 20:19:45 INFO  DatabaseMetaData:146 - HHH000262: Table not found: tb_cliente
2016-08-11 20:19:45 INFO  DatabaseMetaData:146 - HHH000262: Table not found: tb_conta
2016-08-11 20:19:45 INFO  TableMetadata:65 - HHH000261: Table found: public.tb_estado
2016-08-11 20:19:45 INFO  TableMetadata:66 - HHH000037: Columns: [uf, nome, id]
2016-08-11 20:19:45 INFO  TableMetadata:68 - HHH000108: Foreign keys: []
2016-08-11 20:19:45 INFO  TableMetadata:69 - HHH000126: Indexes: [tb_estado_pkey]
2016-08-11 20:19:45 INFO  DatabaseMetaData:146 - HHH000262: Table not found: tb_fornecedor
2016-08-11 20:19:45 INFO  DatabaseMetaData:146 - HHH000262: Table not found: tb_lancamento
2016-08-11 20:19:45 INFO  TableMetadata:65 - HHH000261: Table found: public.tb_permissao
2016-08-11 20:19:45 INFO  TableMetadata:66 - HHH000037: Columns: [id, descricao]
2016-08-11 20:19:45 INFO  TableMetadata:68 - HHH000108: Foreign keys: []
2016-08-11 20:19:45 INFO  TableMetadata:69 - HHH000126: Indexes: [tb_permissao_pkey]
2016-08-11 20:19:45 INFO  TableMetadata:65 - HHH000261: Table found: public.tb_pessoa
2016-08-11 20:19:45 INFO  TableMetadata:66 - HHH000037: Columns: [telefone, numero, bairro, nome, cidade_id, cep, complemento, rg, cpf, celular, id, email, rua]
2016-08-11 20:19:45 INFO  TableMetadata:68 - HHH000108: Foreign keys: [fk_f6pca9l45fhhcnt4uqgi7uh1a]
2016-08-11 20:19:45 INFO  TableMetadata:69 - HHH000126: Indexes: [tb_pessoa_pkey]
2016-08-11 20:19:45 INFO  TableMetadata:65 - HHH000261: Table found: public.tb_usuario
2016-08-11 20:19:45 INFO  TableMetadata:66 - HHH000037: Columns: [senha, ativo, permissao_id, pessoa_id, id]
2016-08-11 20:19:45 INFO  TableMetadata:68 - HHH000108: Foreign keys: [fk_c7pely2anmoshg610258f22j4, fk_nlrn86koe7q3qvm4ylt782ih2]
2016-08-11 20:19:45 INFO  TableMetadata:69 - HHH000126: Indexes: [tb_usuario_pkey]
2016-08-11 20:19:45 INFO  DatabaseMetaData:146 - HHH000262: Table not found: tb_banco
2016-08-11 20:19:45 INFO  DatabaseMetaData:146 - HHH000262: Table not found: tb_cliente
2016-08-11 20:19:45 INFO  DatabaseMetaData:146 - HHH000262: Table not found: tb_conta
2016-08-11 20:19:45 INFO  DatabaseMetaData:146 - HHH000262: Table not found: tb_fornecedor
2016-08-11 20:19:45 INFO  DatabaseMetaData:146 - HHH000262: Table not found: tb_lancamento
2016-08-11 20:19:46 INFO  SchemaUpdate:242 - HHH000232: Schema update complete
2016-08-11 20:19:46 INFO  DefaultListableBeanFactory:598 - Pre-instantiating singletons in org.springframework.beans.factory.support.DefaultListableBeanFactory@3a5fd2: defining beans [estadoConverter,pessoaConverter,bancoConverter,permissaoConverter,cidadeConverter,permissaoBean,pessoaBean,usuarioBean,bancoBean,estadoBean,cidadeBean,estadoDAO,pessoaDAO,permissaoDAO,cidadeDAO,usuarioDAO,bancoDAO,permissaoService,cidadeService,estadoService,bancoService,usuarioService,pessoaService,org.springframework.context.annotation.internalConfigurationAnnotationProcessor,org.springframework.context.annotation.internalAutowiredAnnotationProcessor,org.springframework.context.annotation.internalRequiredAnnotationProcessor,org.springframework.context.annotation.internalCommonAnnotationProcessor,org.springframework.context.annotation.internalPersistenceAnnotationProcessor,postgresqlDataSource,entityManagerFactory,org.springframework.orm.jpa.support.PersistenceAnnotationBeanPostProcessor#0,transactionManager,org.springframework.aop.config.internalAutoProxyCreator,org.springframework.transaction.annotation.AnnotationTransactionAttributeSource#0,org.springframework.transaction.interceptor.TransactionInterceptor#0,org.springframework.transaction.config.internalTransactionAdvisor,org.springframework.beans.factory.config.CustomScopeConfigurer#0,org.springframework.context.annotation.ConfigurationClassPostProcessor.importAwareProcessor]; root of factory hierarchy
2016-08-11 20:19:48 INFO  TransactionalTestExecutionListener:279 - Began transaction (1): transaction manager [org.springframework.orm.jpa.JpaTransactionManager@d6cac2]; rollback [false]
2016-08-11 20:19:48 INFO  TransactionalTestExecutionListener:299 - Committed transaction after test execution for test context [TestContext@1f1cff6 testClass = TestBancoDAO, testInstance = com.htcursos.teste.TestBancoDAO@125f4f5, testMethod = salvar@TestBancoDAO, testException = [null], mergedContextConfiguration = [MergedContextConfiguration@d926d3 testClass = TestBancoDAO, locations = '{file:src/main/webapp/WEB-INF/applicationContext.xml}', classes = '{}', contextInitializerClasses = '[]', activeProfiles = '{}', contextLoader = 'org.springframework.test.context.support.DelegatingSmartContextLoader', parent = [null]]]
2016-08-11 20:19:48 INFO  GenericApplicationContext:1042 - Closing org.springframework.context.support.GenericApplicationContext@1a57a3b: startup date [Thu Aug 11 20:19:41 BRT 2016]; root of context hierarchy
2016-08-11 20:19:48 INFO  DefaultListableBeanFactory:444 - Destroying singletons in org.springframework.beans.factory.support.DefaultListableBeanFactory@3a5fd2: defining beans [estadoConverter,pessoaConverter,bancoConverter,permissaoConverter,cidadeConverter,permissaoBean,pessoaBean,usuarioBean,bancoBean,estadoBean,cidadeBean,estadoDAO,pessoaDAO,permissaoDAO,cidadeDAO,usuarioDAO,bancoDAO,permissaoService,cidadeService,estadoService,bancoService,usuarioService,pessoaService,org.springframework.context.annotation.internalConfigurationAnnotationProcessor,org.springframework.context.annotation.internalAutowiredAnnotationProcessor,org.springframework.context.annotation.internalRequiredAnnotationProcessor,org.springframework.context.annotation.internalCommonAnnotationProcessor,org.springframework.context.annotation.internalPersistenceAnnotationProcessor,postgresqlDataSource,entityManagerFactory,org.springframework.orm.jpa.support.PersistenceAnnotationBeanPostProcessor#0,transactionManager,org.springframework.aop.config.internalAutoProxyCreator,org.springframework.transaction.annotation.AnnotationTransactionAttributeSource#0,org.springframework.transaction.interceptor.TransactionInterceptor#0,org.springframework.transaction.config.internalTransactionAdvisor,org.springframework.beans.factory.config.CustomScopeConfigurer#0,org.springframework.context.annotation.ConfigurationClassPostProcessor.importAwareProcessor]; root of factory hierarchy
2016-08-11 20:19:48 INFO  LocalContainerEntityManagerFactoryBean:441 - Closing JPA EntityManagerFactory for persistence unit 'Cjweb3PU'
2016-08-11 20:25:34 INFO  XmlBeanDefinitionReader:315 - Loading XML bean definitions from URL [file:src/main/webapp/WEB-INF/applicationContext.xml]
2016-08-11 20:25:34 INFO  ClassPathBeanDefinitionScanner:231 - JSR-250 'javax.annotation.ManagedBean' found and supported for component scanning
2016-08-11 20:25:34 INFO  ClassPathBeanDefinitionScanner:239 - JSR-330 'javax.inject.Named' annotation found and supported for component scanning
2016-08-11 20:25:35 INFO  GenericApplicationContext:510 - Refreshing org.springframework.context.support.GenericApplicationContext@1a57a3b: startup date [Thu Aug 11 20:25:35 BRT 2016]; root of context hierarchy
2016-08-11 20:25:35 INFO  AutowiredAnnotationBeanPostProcessor:140 - JSR-330 'javax.inject.Inject' annotation found and supported for autowiring
2016-08-11 20:25:35 INFO  DriverManagerDataSource:153 - Loaded JDBC driver: org.postgresql.Driver
2016-08-11 20:25:36 INFO  LocalContainerEntityManagerFactoryBean:283 - Building JPA container EntityManagerFactory for persistence unit 'Cjweb3PU'
2016-08-11 20:25:36 INFO  Version:37 - HCANN000001: Hibernate Commons Annotations {4.0.2.Final}
2016-08-11 20:25:36 INFO  Version:41 - HHH000412: Hibernate Core {4.2.3.Final}
2016-08-11 20:25:36 INFO  Environment:239 - HHH000206: hibernate.properties not found
2016-08-11 20:25:36 INFO  Environment:342 - HHH000021: Bytecode provider name : javassist
2016-08-11 20:25:36 INFO  Ejb3Configuration:529 - HHH000204: Processing PersistenceUnitInfo [
	name: Cjweb3PU
	...]
2016-08-11 20:25:37 INFO  ConnectionProviderInitiator:188 - HHH000130: Instantiating explicit connection provider: org.hibernate.ejb.connection.InjectedDataSourceConnectionProvider
2016-08-11 20:25:37 INFO  Dialect:130 - HHH000400: Using dialect: org.hibernate.dialect.PostgreSQLDialect
2016-08-11 20:25:37 INFO  LobCreatorBuilder:120 - HHH000424: Disabling contextual LOB creation as createClob() method threw error : java.lang.reflect.InvocationTargetException
2016-08-11 20:25:38 INFO  TransactionFactoryInitiator:73 - HHH000268: Transaction strategy: org.hibernate.engine.transaction.internal.jdbc.JdbcTransactionFactory
2016-08-11 20:25:38 INFO  ASTQueryTranslatorFactory:48 - HHH000397: Using ASTQueryTranslatorFactory
2016-08-11 20:25:38 INFO  SchemaUpdate:182 - HHH000228: Running hbm2ddl schema update
2016-08-11 20:25:38 INFO  SchemaUpdate:193 - HHH000102: Fetching database metadata
2016-08-11 20:25:38 INFO  SchemaUpdate:205 - HHH000396: Updating schema
2016-08-11 20:25:38 INFO  TableMetadata:65 - HHH000261: Table found: public.tb_banco
2016-08-11 20:25:38 INFO  TableMetadata:66 - HHH000037: Columns: [observacao, sigla, numero, nome, id, agencia]
2016-08-11 20:25:38 INFO  TableMetadata:68 - HHH000108: Foreign keys: []
2016-08-11 20:25:38 INFO  TableMetadata:69 - HHH000126: Indexes: [tb_banco_pkey]
2016-08-11 20:25:38 INFO  TableMetadata:65 - HHH000261: Table found: public.tb_cidade
2016-08-11 20:25:38 INFO  TableMetadata:66 - HHH000037: Columns: [estado_id, nome, id]
2016-08-11 20:25:38 INFO  TableMetadata:68 - HHH000108: Foreign keys: [fk_llu2gdqui6q1wsy5w581l26vh]
2016-08-11 20:25:38 INFO  TableMetadata:69 - HHH000126: Indexes: [tb_cidade_pkey]
2016-08-11 20:25:38 INFO  TableMetadata:65 - HHH000261: Table found: public.tb_cliente
2016-08-11 20:25:38 INFO  TableMetadata:66 - HHH000037: Columns: [uf, complemento, numero, bairro, liberado, datacadastro, num, pessoa_id, cep, rua]
2016-08-11 20:25:38 INFO  TableMetadata:68 - HHH000108: Foreign keys: [fk_adjdf0m88tgyyubmmtk9a9gjg]
2016-08-11 20:25:38 INFO  TableMetadata:69 - HHH000126: Indexes: [tb_cliente_pkey]
2016-08-11 20:25:38 INFO  TableMetadata:65 - HHH000261: Table found: public.tb_conta
2016-08-11 20:25:38 INFO  TableMetadata:66 - HHH000037: Columns: [nomeconta, numero, id]
2016-08-11 20:25:38 INFO  TableMetadata:68 - HHH000108: Foreign keys: []
2016-08-11 20:25:38 INFO  TableMetadata:69 - HHH000126: Indexes: [tb_conta_pkey]
2016-08-11 20:25:38 INFO  TableMetadata:65 - HHH000261: Table found: public.tb_estado
2016-08-11 20:25:38 INFO  TableMetadata:66 - HHH000037: Columns: [uf, nome, id]
2016-08-11 20:25:38 INFO  TableMetadata:68 - HHH000108: Foreign keys: []
2016-08-11 20:25:38 INFO  TableMetadata:69 - HHH000126: Indexes: [tb_estado_pkey]
2016-08-11 20:25:38 INFO  TableMetadata:65 - HHH000261: Table found: public.tb_fornecedor
2016-08-11 20:25:38 INFO  TableMetadata:66 - HHH000037: Columns: [ativo, numero, bairro, datacadastro, num, cnpj, inscricaoestadual, cep, razaosocial, uf, complemento, tipotelefone, email, inscricaomunicipal, rua]
2016-08-11 20:25:38 INFO  TableMetadata:68 - HHH000108: Foreign keys: []
2016-08-11 20:25:38 INFO  TableMetadata:69 - HHH000126: Indexes: [tb_fornecedor_pkey]
2016-08-11 20:25:39 INFO  TableMetadata:65 - HHH000261: Table found: public.tb_lancamento
2016-08-11 20:25:39 INFO  TableMetadata:66 - HHH000037: Columns: [dataemissao, banco_id, fornecedor_razaosocial, cliente_datacadastro, conta_id, valor, datavencimento, datafluxo, id, descricao]
2016-08-11 20:25:39 INFO  TableMetadata:68 - HHH000108: Foreign keys: [fk_gsv8h1hwxi4nfwoeark3t13qy, fk_premetjd2hv05uo53c29cgipr, fk_537xra6k3dlc08famji1y4ws6, fk_3stfrfpbccrb0mgajgpv38ifi]
2016-08-11 20:25:39 INFO  TableMetadata:69 - HHH000126: Indexes: [tb_lancamento_pkey]
2016-08-11 20:25:39 INFO  TableMetadata:65 - HHH000261: Table found: public.tb_permissao
2016-08-11 20:25:39 INFO  TableMetadata:66 - HHH000037: Columns: [id, descricao]
2016-08-11 20:25:39 INFO  TableMetadata:68 - HHH000108: Foreign keys: []
2016-08-11 20:25:39 INFO  TableMetadata:69 - HHH000126: Indexes: [tb_permissao_pkey]
2016-08-11 20:25:39 INFO  TableMetadata:65 - HHH000261: Table found: public.tb_pessoa
2016-08-11 20:25:39 INFO  TableMetadata:66 - HHH000037: Columns: [telefone, numero, bairro, nome, cidade_id, cep, complemento, rg, cpf, celular, id, email, rua]
2016-08-11 20:25:39 INFO  TableMetadata:68 - HHH000108: Foreign keys: [fk_f6pca9l45fhhcnt4uqgi7uh1a]
2016-08-11 20:25:39 INFO  TableMetadata:69 - HHH000126: Indexes: [tb_pessoa_pkey]
2016-08-11 20:25:39 INFO  TableMetadata:65 - HHH000261: Table found: public.tb_usuario
2016-08-11 20:25:39 INFO  TableMetadata:66 - HHH000037: Columns: [senha, ativo, permissao_id, pessoa_id, id]
2016-08-11 20:25:39 INFO  TableMetadata:68 - HHH000108: Foreign keys: [fk_c7pely2anmoshg610258f22j4, fk_nlrn86koe7q3qvm4ylt782ih2]
2016-08-11 20:25:39 INFO  TableMetadata:69 - HHH000126: Indexes: [tb_usuario_pkey]
2016-08-11 20:25:39 INFO  SchemaUpdate:242 - HHH000232: Schema update complete
2016-08-11 20:25:39 INFO  DefaultListableBeanFactory:598 - Pre-instantiating singletons in org.springframework.beans.factory.support.DefaultListableBeanFactory@3a5fd2: defining beans [estadoConverter,pessoaConverter,bancoConverter,permissaoConverter,cidadeConverter,permissaoBean,pessoaBean,usuarioBean,bancoBean,estadoBean,cidadeBean,estadoDAO,pessoaDAO,permissaoDAO,cidadeDAO,usuarioDAO,bancoDAO,permissaoService,cidadeService,estadoService,bancoService,usuarioService,pessoaService,org.springframework.context.annotation.internalConfigurationAnnotationProcessor,org.springframework.context.annotation.internalAutowiredAnnotationProcessor,org.springframework.context.annotation.internalRequiredAnnotationProcessor,org.springframework.context.annotation.internalCommonAnnotationProcessor,org.springframework.context.annotation.internalPersistenceAnnotationProcessor,postgresqlDataSource,entityManagerFactory,org.springframework.orm.jpa.support.PersistenceAnnotationBeanPostProcessor#0,transactionManager,org.springframework.aop.config.internalAutoProxyCreator,org.springframework.transaction.annotation.AnnotationTransactionAttributeSource#0,org.springframework.transaction.interceptor.TransactionInterceptor#0,org.springframework.transaction.config.internalTransactionAdvisor,org.springframework.beans.factory.config.CustomScopeConfigurer#0,org.springframework.context.annotation.ConfigurationClassPostProcessor.importAwareProcessor]; root of factory hierarchy
2016-08-11 20:25:41 INFO  TransactionalTestExecutionListener:279 - Began transaction (1): transaction manager [org.springframework.orm.jpa.JpaTransactionManager@9ec531]; rollback [false]
2016-08-11 20:25:41 INFO  TransactionalTestExecutionListener:299 - Committed transaction after test execution for test context [TestContext@11816c0 testClass = TestPermissaoDAO, testInstance = com.htcursos.teste.TestPermissaoDAO@b972d7, testMethod = salvar@TestPermissaoDAO, testException = [null], mergedContextConfiguration = [MergedContextConfiguration@139bbad testClass = TestPermissaoDAO, locations = '{file:src/main/webapp/WEB-INF/applicationContext.xml}', classes = '{}', contextInitializerClasses = '[]', activeProfiles = '{}', contextLoader = 'org.springframework.test.context.support.DelegatingSmartContextLoader', parent = [null]]]
2016-08-11 20:25:41 INFO  GenericApplicationContext:1042 - Closing org.springframework.context.support.GenericApplicationContext@1a57a3b: startup date [Thu Aug 11 20:25:35 BRT 2016]; root of context hierarchy
2016-08-11 20:25:41 INFO  DefaultListableBeanFactory:444 - Destroying singletons in org.springframework.beans.factory.support.DefaultListableBeanFactory@3a5fd2: defining beans [estadoConverter,pessoaConverter,bancoConverter,permissaoConverter,cidadeConverter,permissaoBean,pessoaBean,usuarioBean,bancoBean,estadoBean,cidadeBean,estadoDAO,pessoaDAO,permissaoDAO,cidadeDAO,usuarioDAO,bancoDAO,permissaoService,cidadeService,estadoService,bancoService,usuarioService,pessoaService,org.springframework.context.annotation.internalConfigurationAnnotationProcessor,org.springframework.context.annotation.internalAutowiredAnnotationProcessor,org.springframework.context.annotation.internalRequiredAnnotationProcessor,org.springframework.context.annotation.internalCommonAnnotationProcessor,org.springframework.context.annotation.internalPersistenceAnnotationProcessor,postgresqlDataSource,entityManagerFactory,org.springframework.orm.jpa.support.PersistenceAnnotationBeanPostProcessor#0,transactionManager,org.springframework.aop.config.internalAutoProxyCreator,org.springframework.transaction.annotation.AnnotationTransactionAttributeSource#0,org.springframework.transaction.interceptor.TransactionInterceptor#0,org.springframework.transaction.config.internalTransactionAdvisor,org.springframework.beans.factory.config.CustomScopeConfigurer#0,org.springframework.context.annotation.ConfigurationClassPostProcessor.importAwareProcessor]; root of factory hierarchy
2016-08-11 20:25:41 INFO  LocalContainerEntityManagerFactoryBean:441 - Closing JPA EntityManagerFactory for persistence unit 'Cjweb3PU'
